<?xml version="1.0" encoding="UTF-8"?>
<!-- Generated by org.testng.reporters.JUnitReportReporter -->
<testsuite skipped="0" hostname="DESKTOP-FOHHKTI" name="org.example.testRunner.ScenariosRunner" tests="19" failures="1" timestamp="2022-12-18T16:28:56 EET" time="214.553" errors="3">
  <testcase name="runScenario" time="8.738" classname="org.example.testRunner.ScenariosRunner"/>
  <system-out/>
  <testcase name="runScenario" time="13.003" classname="org.example.testRunner.ScenariosRunner"/>
  <system-out/>
  <testcase name="runScenario" time="9.405" classname="org.example.testRunner.ScenariosRunner"/>
  <system-out/>
  <testcase name="runScenario" time="8.969" classname="org.example.testRunner.ScenariosRunner">
    <error type="org.openqa.selenium.ElementClickInterceptedException" message="element click intercepted: Element &lt;a href=&quot;http://demo.nopcommerce.com/&quot; aria-label=&quot;&quot; class=&quot;nivo-imageLink&quot; style=&quot;display: block;&quot;&gt;...&lt;/a&gt; is not clickable at point (759, 468). Other element would receive the click: &lt;a href=&quot;http://demo.nopcommerce.com/&quot; aria-label=&quot;&quot; class=&quot;nivo-imageLink&quot; style=&quot;display: block;&quot;&gt;...&lt;/a&gt;
  (Session info: chrome=108.0.5359.125)
Build info: version: &#039;4.7.1&#039;, revision: &#039;c6795baf1a3&#039;
System info: os.name: &#039;Windows 10&#039;, os.arch: &#039;amd64&#039;, os.version: &#039;10.0&#039;, java.version: &#039;1.8.0_351&#039;
Driver info: org.openqa.selenium.chrome.ChromeDriver
Command: [da5a9f9df596d115d8b2ea794481bb12, clickElement {id=afaaa975-43c5-4a20-b151-cb09bc23a06e}]
Capabilities {acceptInsecureCerts: false, browserName: chrome, browserVersion: 108.0.5359.125, chrome: {chromedriverVersion: 108.0.5359.71 (1e0e3868ee06..., userDataDir: C:\Users\Select\AppData\Loc...}, goog:chromeOptions: {debuggerAddress: localhost:57591}, networkConnectionEnabled: false, pageLoadStrategy: normal, platformName: WINDOWS, proxy: Proxy(), se:cdp: ws://localhost:57591/devtoo..., se:cdpVersion: 108.0.5359.125, setWindowRect: true, strictFileInteractability: false, timeouts: {implicit: 0, pageLoad: 300000, script: 30000}, unhandledPromptBehavior: dismiss and notify, webauthn:extension:credBlob: true, webauthn:extension:largeBlob: true, webauthn:virtualAuthenticators: true}
Element: [[ChromeDriver: chrome on WINDOWS (da5a9f9df596d115d8b2ea794481bb12)] -&gt; xpath: //div[@id=&#039;nivo-slider&#039;]/a[1]]
Session ID: da5a9f9df596d115d8b2ea794481bb12">
      <![CDATA[org.openqa.selenium.ElementClickInterceptedException: element click intercepted: Element <a href="http://demo.nopcommerce.com/" aria-label="" class="nivo-imageLink" style="display: block;">...</a> is not clickable at point (759, 468). Other element would receive the click: <a href="http://demo.nopcommerce.com/" aria-label="" class="nivo-imageLink" style="display: block;">...</a>
  (Session info: chrome=108.0.5359.125)
Build info: version: '4.7.1', revision: 'c6795baf1a3'
System info: os.name: 'Windows 10', os.arch: 'amd64', os.version: '10.0', java.version: '1.8.0_351'
Driver info: org.openqa.selenium.chrome.ChromeDriver
Command: [da5a9f9df596d115d8b2ea794481bb12, clickElement {id=afaaa975-43c5-4a20-b151-cb09bc23a06e}]
Capabilities {acceptInsecureCerts: false, browserName: chrome, browserVersion: 108.0.5359.125, chrome: {chromedriverVersion: 108.0.5359.71 (1e0e3868ee06..., userDataDir: C:\Users\Select\AppData\Loc...}, goog:chromeOptions: {debuggerAddress: localhost:57591}, networkConnectionEnabled: false, pageLoadStrategy: normal, platformName: WINDOWS, proxy: Proxy(), se:cdp: ws://localhost:57591/devtoo..., se:cdpVersion: 108.0.5359.125, setWindowRect: true, strictFileInteractability: false, timeouts: {implicit: 0, pageLoad: 300000, script: 30000}, unhandledPromptBehavior: dismiss and notify, webauthn:extension:credBlob: true, webauthn:extension:largeBlob: true, webauthn:virtualAuthenticators: true}
Element: [[ChromeDriver: chrome on WINDOWS (da5a9f9df596d115d8b2ea794481bb12)] -> xpath: //div[@id='nivo-slider']/a[1]]
Session ID: da5a9f9df596d115d8b2ea794481bb12
at sun.reflect.NativeConstructorAccessorImpl.newInstance0(Native Method)
at sun.reflect.NativeConstructorAccessorImpl.newInstance(NativeConstructorAccessorImpl.java:62)
at sun.reflect.DelegatingConstructorAccessorImpl.newInstance(DelegatingConstructorAccessorImpl.java:45)
at java.lang.reflect.Constructor.newInstance(Constructor.java:423)
at org.openqa.selenium.remote.codec.w3c.W3CHttpResponseCodec.createException(W3CHttpResponseCodec.java:200)
at org.openqa.selenium.remote.codec.w3c.W3CHttpResponseCodec.decode(W3CHttpResponseCodec.java:133)
at org.openqa.selenium.remote.codec.w3c.W3CHttpResponseCodec.decode(W3CHttpResponseCodec.java:53)
at org.openqa.selenium.remote.HttpCommandExecutor.execute(HttpCommandExecutor.java:184)
at org.openqa.selenium.remote.service.DriverCommandExecutor.invokeExecute(DriverCommandExecutor.java:167)
at org.openqa.selenium.remote.service.DriverCommandExecutor.execute(DriverCommandExecutor.java:142)
at org.openqa.selenium.remote.RemoteWebDriver.execute(RemoteWebDriver.java:551)
at org.openqa.selenium.remote.RemoteWebElement.execute(RemoteWebElement.java:257)
at org.openqa.selenium.remote.RemoteWebElement.click(RemoteWebElement.java:78)
at org.example.stepDefinitions.SlidersStepDefinition.userClicksOnSecondSlider(SlidersStepDefinition.java:33)
at ✽.user clicks on second slider(file:///E:/Udacity/Syllabus/Software%20testing%20(professional)/(7)%20Web%20Front-End%20%20UI%20Testing/practice/E-CommerceFinalProject/src/main/resources/Features/Sliders.feature:11)
]]>
    </error>
  </testcase> <!-- runScenario -->
  <system-out/>
  <testcase name="runScenario" time="13.235" classname="org.example.testRunner.ScenariosRunner"/>
  <system-out/>
  <testcase name="runScenario" time="10.566" classname="org.example.testRunner.ScenariosRunner"/>
  <system-out/>
  <testcase name="runScenario" time="10.122" classname="org.example.testRunner.ScenariosRunner"/>
  <system-out/>
  <testcase name="runScenario" time="13.419" classname="org.example.testRunner.ScenariosRunner"/>
  <system-out/>
  <testcase name="runScenario" time="11.777" classname="org.example.testRunner.ScenariosRunner">
    <error type="java.lang.IndexOutOfBoundsException" message="Index: 1, Size: 1">
      <![CDATA[java.lang.IndexOutOfBoundsException: Index: 1, Size: 1
at java.util.ArrayList.rangeCheck(ArrayList.java:659)
at java.util.ArrayList.get(ArrayList.java:435)
at org.example.pages.FollowUsPage.newTab(FollowUsPage.java:43)
at org.example.stepDefinitions.FollowUsStepDefinition.rss_Is_Opened_In_New_Tab(FollowUsStepDefinition.java:61)
at ✽."https://demo.nopcommerce.com/new-online-store-is-open" rss is opened in new tab(file:///E:/Udacity/Syllabus/Software%20testing%20(professional)/(7)%20Web%20Front-End%20%20UI%20Testing/practice/E-CommerceFinalProject/src/main/resources/Features/FollowUs.feature:15)
]]>
    </error>
  </testcase> <!-- runScenario -->
  <system-out/>
  <testcase name="runScenario" time="10.079" classname="org.example.testRunner.ScenariosRunner"/>
  <system-out/>
  <testcase name="runScenario" time="9.137" classname="org.example.testRunner.ScenariosRunner"/>
  <system-out/>
  <testcase name="runScenario" time="10.334" classname="org.example.testRunner.ScenariosRunner"/>
  <system-out/>
  <testcase name="runScenario" time="18.886" classname="org.example.testRunner.ScenariosRunner"/>
  <system-out/>
  <testcase name="runScenario" time="9.467" classname="org.example.testRunner.ScenariosRunner"/>
  <system-out/>
  <testcase name="runScenario" time="8.978" classname="org.example.testRunner.ScenariosRunner"/>
  <system-out/>
  <testcase name="runScenario" time="21.566" classname="org.example.testRunner.ScenariosRunner">
    <error type="org.openqa.selenium.NoSuchElementException" message="no such element: Unable to locate element: {&quot;method&quot;:&quot;css selector&quot;,&quot;selector&quot;:&quot;.result&quot;}
  (Session info: chrome=108.0.5359.125)
For documentation on this error, please visit: https://selenium.dev/exceptions/#no_such_element
Build info: version: &#039;4.7.1&#039;, revision: &#039;c6795baf1a3&#039;
System info: os.name: &#039;Windows 10&#039;, os.arch: &#039;amd64&#039;, os.version: &#039;10.0&#039;, java.version: &#039;1.8.0_351&#039;
Driver info: org.openqa.selenium.chrome.ChromeDriver
Command: [fc5d6835c4d026c44d3f9af304419849, findElement {using=class name, value=result}]
Capabilities {acceptInsecureCerts: false, browserName: chrome, browserVersion: 108.0.5359.125, chrome: {chromedriverVersion: 108.0.5359.71 (1e0e3868ee06..., userDataDir: C:\Users\Select\AppData\Loc...}, goog:chromeOptions: {debuggerAddress: localhost:57449}, networkConnectionEnabled: false, pageLoadStrategy: normal, platformName: WINDOWS, proxy: Proxy(), se:cdp: ws://localhost:57449/devtoo..., se:cdpVersion: 108.0.5359.125, setWindowRect: true, strictFileInteractability: false, timeouts: {implicit: 0, pageLoad: 300000, script: 30000}, unhandledPromptBehavior: dismiss and notify, webauthn:extension:credBlob: true, webauthn:extension:largeBlob: true, webauthn:virtualAuthenticators: true}
Session ID: fc5d6835c4d026c44d3f9af304419849">
      <![CDATA[org.openqa.selenium.NoSuchElementException: no such element: Unable to locate element: {"method":"css selector","selector":".result"}
  (Session info: chrome=108.0.5359.125)
For documentation on this error, please visit: https://selenium.dev/exceptions/#no_such_element
Build info: version: '4.7.1', revision: 'c6795baf1a3'
System info: os.name: 'Windows 10', os.arch: 'amd64', os.version: '10.0', java.version: '1.8.0_351'
Driver info: org.openqa.selenium.chrome.ChromeDriver
Command: [fc5d6835c4d026c44d3f9af304419849, findElement {using=class name, value=result}]
Capabilities {acceptInsecureCerts: false, browserName: chrome, browserVersion: 108.0.5359.125, chrome: {chromedriverVersion: 108.0.5359.71 (1e0e3868ee06..., userDataDir: C:\Users\Select\AppData\Loc...}, goog:chromeOptions: {debuggerAddress: localhost:57449}, networkConnectionEnabled: false, pageLoadStrategy: normal, platformName: WINDOWS, proxy: Proxy(), se:cdp: ws://localhost:57449/devtoo..., se:cdpVersion: 108.0.5359.125, setWindowRect: true, strictFileInteractability: false, timeouts: {implicit: 0, pageLoad: 300000, script: 30000}, unhandledPromptBehavior: dismiss and notify, webauthn:extension:credBlob: true, webauthn:extension:largeBlob: true, webauthn:virtualAuthenticators: true}
Session ID: fc5d6835c4d026c44d3f9af304419849
at sun.reflect.NativeConstructorAccessorImpl.newInstance0(Native Method)
at sun.reflect.NativeConstructorAccessorImpl.newInstance(NativeConstructorAccessorImpl.java:62)
at sun.reflect.DelegatingConstructorAccessorImpl.newInstance(DelegatingConstructorAccessorImpl.java:45)
at java.lang.reflect.Constructor.newInstance(Constructor.java:423)
at org.openqa.selenium.remote.codec.w3c.W3CHttpResponseCodec.createException(W3CHttpResponseCodec.java:200)
at org.openqa.selenium.remote.codec.w3c.W3CHttpResponseCodec.decode(W3CHttpResponseCodec.java:133)
at org.openqa.selenium.remote.codec.w3c.W3CHttpResponseCodec.decode(W3CHttpResponseCodec.java:53)
at org.openqa.selenium.remote.HttpCommandExecutor.execute(HttpCommandExecutor.java:184)
at org.openqa.selenium.remote.service.DriverCommandExecutor.invokeExecute(DriverCommandExecutor.java:167)
at org.openqa.selenium.remote.service.DriverCommandExecutor.execute(DriverCommandExecutor.java:142)
at org.openqa.selenium.remote.RemoteWebDriver.execute(RemoteWebDriver.java:551)
at org.openqa.selenium.remote.ElementLocation$ElementFinder$2.findElement(ElementLocation.java:162)
at org.openqa.selenium.remote.ElementLocation.findElement(ElementLocation.java:60)
at org.openqa.selenium.remote.RemoteWebDriver.findElement(RemoteWebDriver.java:367)
at org.openqa.selenium.remote.RemoteWebDriver.findElement(RemoteWebDriver.java:359)
at org.example.pages.RegisterPage.checkSuccess(RegisterPage.java:100)
at org.example.stepDefinitions.RegistrationStepDefinition.success_Message_Is_Displayed(RegistrationStepDefinition.java:70)
at ✽.success message is displayed(file:///E:/Udacity/Syllabus/Software%20testing%20(professional)/(7)%20Web%20Front-End%20%20UI%20Testing/practice/E-CommerceFinalProject/src/main/resources/Features/Registration.feature:14)
]]>
    </error>
  </testcase> <!-- runScenario -->
  <system-out/>
  <testcase name="runScenario" time="8.694" classname="org.example.testRunner.ScenariosRunner">
    <failure type="java.lang.AssertionError" message="Error Message : wrong 1st slider url expected [true] but found [false]">
      <![CDATA[java.lang.AssertionError: Error Message : wrong 1st slider url expected [true] but found [false]
at org.testng.Assert.fail(Assert.java:110)
at org.testng.Assert.failNotEquals(Assert.java:1413)
at org.testng.Assert.assertTrue(Assert.java:56)
at org.example.stepDefinitions.SlidersStepDefinition.a_New_Page_Appears_Relative_To_Nokia_Lumia(SlidersStepDefinition.java:25)
at ✽.a new page appears relative to nokia lumia(file:///E:/Udacity/Syllabus/Software%20testing%20(professional)/(7)%20Web%20Front-End%20%20UI%20Testing/practice/E-CommerceFinalProject/src/main/resources/Features/Sliders.feature:7)
]]>
    </failure>
  </testcase> <!-- runScenario -->
  <system-out/>
  <testcase name="runScenario" time="9.817" classname="org.example.testRunner.ScenariosRunner"/>
  <system-out/>
  <testcase name="runScenario" time="8.361" classname="org.example.testRunner.ScenariosRunner"/>
  <system-out/>
</testsuite> <!-- org.example.testRunner.ScenariosRunner -->
